error t=2014-08-24T06:31:45.144Z Cinnamon Software Rendering mode enabled
info t=2014-08-24T06:31:48.967Z loading user theme: /home/manjaro/.themes/New-Minty/cinnamon/cinnamon.css
info t=2014-08-24T06:31:49.044Z added icon directory: /home/manjaro/.themes/New-Minty/cinnamon/
info t=2014-08-24T06:31:49.729Z loaded at Sun Aug 24 2014 08:31:49 GMT+0200 (CEST)
info t=2014-08-24T06:31:51.863Z Loaded applet menu@cinnamon.org in 2024 ms
info t=2014-08-24T06:31:51.918Z Loaded applet show-desktop@cinnamon.org in 50 ms
info t=2014-08-24T06:31:51.984Z Loaded applet panel-launchers@cinnamon.org in 64 ms
info t=2014-08-24T06:31:52.030Z Role locked: windowlist
info t=2014-08-24T06:31:52.031Z Loaded applet window-list@cinnamon.org in 40 ms
info t=2014-08-24T06:31:52.079Z Role locked: notifications
info t=2014-08-24T06:31:52.102Z Loaded applet notifications@cinnamon.org in 66 ms
info t=2014-08-24T06:31:52.151Z Loaded applet power@airlog.pisz.pl in 46 ms
info t=2014-08-24T06:31:52.185Z Loaded applet workspace-switcher@cinnamon.org in 30 ms
info t=2014-08-24T06:31:52.488Z Loaded applet user@cinnamon.org in 300 ms
info t=2014-08-24T06:31:52.512Z Loaded applet removable-drives@cinnamon.org in 21 ms
info t=2014-08-24T06:31:52.830Z Loaded applet keyboard@cinnamon.org in 317 ms
info t=2014-08-24T06:31:53.161Z Loaded applet network@cinnamon.org in 326 ms
info t=2014-08-24T06:31:53.581Z Loaded applet sound@cinnamon.org in 409 ms
info t=2014-08-24T06:31:53.645Z Loaded applet systray@cinnamon.org in 59 ms
error t=2014-08-24T06:31:53.733Z No signal 'notify-resume' on object 'UpClient'
trace t=2014-08-24T06:31:53.733Z 
<----------------
(2,27,"13")@/usr/share/cinnamon/applets/calendar@cinnamon.org/applet.js:97
MyApplet(2,27,"13")@/usr/share/cinnamon/applets/calendar@cinnamon.org/applet.js:36
main([object Object],2,27,"13")@/usr/share/cinnamon/applets/calendar@cinnamon.org/applet.js:208
createApplet([object Object],[object Object])@/usr/share/cinnamon/js/ui/appletManager.js:330
addAppletToPanels([object Object],[object Object])@/usr/share/cinnamon/js/ui/appletManager.js:246
finishExtensionLoad([object Object])@/usr/share/cinnamon/js/ui/appletManager.js:56
loadExtension("calendar@cinnamon.org",[object Object])@/usr/share/cinnamon/js/ui/extension.js:391
init()@/usr/share/cinnamon/js/ui/appletManager.js:43
start()@/usr/share/cinnamon/js/ui/main.js:402
@<main>:1
---------------->
info t=2014-08-24T06:31:53.737Z Loaded applet calendar@cinnamon.org in 89 ms
info t=2014-08-24T06:31:53.776Z Loaded applet windows-quick-list@cinnamon.org in 34 ms
error t=2014-08-24T06:31:54.366Z 1,0,,0,0,0
info t=2014-08-24T06:31:55.696Z Adding systray: pamac-tray (20x20px)
